[ 2014-12-28T18:46:28+08:00 ] 127.0.0.1 /
INFO: [ app_init ] --START--
INFO: Run Behavior\BuildLiteBehavior [ RunTime:0.000000s ]
INFO: [ app_init ] --END-- [ RunTime:0.053003s ]
INFO: [ app_begin ] --START--
INFO: Run Behavior\ReadHtmlCacheBehavior [ RunTime:0.017000s ]
INFO: [ app_begin ] --END-- [ RunTime:0.017000s ]
NOTIC: [8192] mysql_connect(): The mysql extension is deprecated and will be removed in the future: use mysqli or PDO instead D:\mybbs\ThinkPHP\Library\Think\Db\Driver\Mysql.class.php Á¨¨ 52 Ë°å.
NOTIC: [2] mysql_connect():  D:\mybbs\ThinkPHP\Library\Think\Db\Driver\Mysql.class.php Á¨¨ 52 Ë°å.
ERR: ”…”⁄¡¨Ω”∑Ω‘⁄“ª∂Œ ±º‰∫Û√ª”–’˝»∑¥∏¥ªÚ¡¨Ω”µƒ÷˜ª˙√ª”–∑¥”¶£¨¡¨Ω”≥¢ ‘ ß∞‹°£


[ 2014-12-28T19:55:21+08:00 ] 127.0.0.1 /
INFO: [ app_init ] --START--
INFO: Run Behavior\BuildLiteBehavior [ RunTime:0.000000s ]
INFO: [ app_init ] --END-- [ RunTime:0.002000s ]
INFO: [ app_begin ] --START--
INFO: Run Behavior\ReadHtmlCacheBehavior [ RunTime:0.001000s ]
INFO: [ app_begin ] --END-- [ RunTime:0.001000s ]
NOTIC: [8192] mysql_connect(): The mysql extension is deprecated and will be removed in the future: use mysqli or PDO instead D:\mybbs\ThinkPHP\Library\Think\Db\Driver\Mysql.class.php Á¨¨ 52 Ë°å.
SQL: SHOW COLUMNS FROM `bbs_family` [ RunTime:0.025001s ]
ERR: 1146:Table 'bbs.bbs_family' doesn't exist
 [ SQLËØ≠Âè• ] : SHOW COLUMNS FROM `bbs_family`
SQL: SHOW COLUMNS FROM `bbs_xueyuan` [ RunTime:0.009001s ]
ERR: 1146:Table 'bbs.bbs_xueyuan' doesn't exist
 [ SQLËØ≠Âè• ] : SHOW COLUMNS FROM `bbs_xueyuan`
SQL: SHOW COLUMNS FROM `bbs_banji` [ RunTime:0.004000s ]
ERR: 1146:Table 'bbs.bbs_banji' doesn't exist
 [ SQLËØ≠Âè• ] : SHOW COLUMNS FROM `bbs_banji`
SQL: SHOW COLUMNS FROM `bbs_zhaolun` [ RunTime:0.005000s ]
ERR: 1146:Table 'bbs.bbs_zhaolun' doesn't exist
 [ SQLËØ≠Âè• ] : SHOW COLUMNS FROM `bbs_zhaolun`
SQL: SHOW COLUMNS FROM `bbs_liujun` [ RunTime:0.006001s ]
ERR: 1146:Table 'bbs.bbs_liujun' doesn't exist
 [ SQLËØ≠Âè• ] : SHOW COLUMNS FROM `bbs_liujun`
SQL: SHOW COLUMNS FROM `bbs_php` [ RunTime:0.003000s ]
ERR: 1146:Table 'bbs.bbs_php' doesn't exist
 [ SQLËØ≠Âè• ] : SHOW COLUMNS FROM `bbs_php`
SQL: SHOW COLUMNS FROM `bbs_mingshi` [ RunTime:0.003000s ]
ERR: 1146:Table 'bbs.bbs_mingshi' doesn't exist
 [ SQLËØ≠Âè• ] : SHOW COLUMNS FROM `bbs_mingshi`
SQL: SHOW COLUMNS FROM `bbs_zhaopin` [ RunTime:0.003000s ]
ERR: 1146:Table 'bbs.bbs_zhaopin' doesn't exist
 [ SQLËØ≠Âè• ] : SHOW COLUMNS FROM `bbs_zhaopin`
SQL: SHOW COLUMNS FROM `bbs_question` [ RunTime:0.003000s ]
ERR: 1146:Table 'bbs.bbs_question' doesn't exist
 [ SQLËØ≠Âè• ] : SHOW COLUMNS FROM `bbs_question`
SQL: SELECT * FROM `bbs_family`  [ RunTime:0.004001s ]
ERR: 1146:Table 'bbs.bbs_family' doesn't exist
 [ SQLËØ≠Âè• ] : SELECT * FROM `bbs_family` 
SQL: SELECT * FROM `bbs_xueyuan`  [ RunTime:0.001000s ]
ERR: 1146:Table 'bbs.bbs_xueyuan' doesn't exist
 [ SQLËØ≠Âè• ] : SELECT * FROM `bbs_xueyuan` 
SQL: SELECT * FROM `bbs_banji`  [ RunTime:0.001000s ]
ERR: 1146:Table 'bbs.bbs_banji' doesn't exist
 [ SQLËØ≠Âè• ] : SELECT * FROM `bbs_banji` 
SQL: SELECT * FROM `bbs_zhaolun`  [ RunTime:0.002000s ]
ERR: 1146:Table 'bbs.bbs_zhaolun' doesn't exist
 [ SQLËØ≠Âè• ] : SELECT * FROM `bbs_zhaolun` 
SQL: SELECT * FROM `bbs_liujun`  [ RunTime:0.001000s ]
ERR: 1146:Table 'bbs.bbs_liujun' doesn't exist
 [ SQLËØ≠Âè• ] : SELECT * FROM `bbs_liujun` 
SQL: SELECT * FROM `bbs_php`  [ RunTime:0.001000s ]
ERR: 1146:Table 'bbs.bbs_php' doesn't exist
 [ SQLËØ≠Âè• ] : SELECT * FROM `bbs_php` 
SQL: SELECT * FROM `bbs_mingshi`  [ RunTime:0.003000s ]
ERR: 1146:Table 'bbs.bbs_mingshi' doesn't exist
 [ SQLËØ≠Âè• ] : SELECT * FROM `bbs_mingshi` 
SQL: SELECT * FROM `bbs_zhaopin`  [ RunTime:0.001000s ]
ERR: 1146:Table 'bbs.bbs_zhaopin' doesn't exist
 [ SQLËØ≠Âè• ] : SELECT * FROM `bbs_zhaopin` 
SQL: SELECT * FROM `bbs_question` WHERE ( status=0 )  [ RunTime:0.002000s ]
ERR: 1146:Table 'bbs.bbs_question' doesn't exist
 [ SQLËØ≠Âè• ] : SELECT * FROM `bbs_question` WHERE ( status=0 ) 
INFO: [ view_parse ] --START--
INFO: [ template_filter ] --START--
INFO: Run Behavior\ContentReplaceBehavior [ RunTime:0.000000s ]
INFO: [ template_filter ] --END-- [ RunTime:0.000000s ]
NOTIC: [8] Undefined variable: pic D:\mybbs\Application\Runtime\Cache\Home\2a94b8bda04ff446dcedd42276fc99ee.php Á¨¨ 93 Ë°å.
INFO: Run Behavior\ParseTemplateBehavior [ RunTime:0.181010s ]
INFO: [ view_parse ] --END-- [ RunTime:0.182010s ]
INFO: [ view_filter ] --START--
INFO: Run Behavior\WriteHtmlCacheBehavior [ RunTime:0.015001s ]
INFO: [ view_filter ] --END-- [ RunTime:0.015001s ]
INFO: [ app_end ] --START--
INFO: Run Behavior\ShowPageTraceBehavior [ RunTime:0.007000s ]
INFO: [ app_end ] --END-- [ RunTime:0.007000s ]

[ 2014-12-28T20:07:44+08:00 ] 127.0.0.1 /
INFO: [ app_init ] --START--
INFO: Run Behavior\BuildLiteBehavior [ RunTime:0.000000s ]
INFO: [ app_init ] --END-- [ RunTime:0.010000s ]
INFO: [ app_begin ] --START--
INFO: Run Behavior\ReadHtmlCacheBehavior [ RunTime:0.000000s ]
INFO: [ app_begin ] --END-- [ RunTime:0.000000s ]
NOTIC: [8192] mysql_connect(): The mysql extension is deprecated and will be removed in the future: use mysqli or PDO instead D:\mybbs\ThinkPHP\Library\Think\Db\Driver\Mysql.class.php Á¨¨ 52 Ë°å.
SQL: SHOW COLUMNS FROM `bbs_family` [ RunTime:0.000000s ]
ERR: 1146:Table 'bbs.bbs_family' doesn't exist
 [ SQLËØ≠Âè• ] : SHOW COLUMNS FROM `bbs_family`
SQL: SHOW COLUMNS FROM `bbs_xueyuan` [ RunTime:0.010000s ]
ERR: 1146:Table 'bbs.bbs_xueyuan' doesn't exist
 [ SQLËØ≠Âè• ] : SHOW COLUMNS FROM `bbs_xueyuan`
SQL: SHOW COLUMNS FROM `bbs_banji` [ RunTime:0.000000s ]
ERR: 1146:Table 'bbs.bbs_banji' doesn't exist
 [ SQLËØ≠Âè• ] : SHOW COLUMNS FROM `bbs_banji`
SQL: SHOW COLUMNS FROM `bbs_zhaolun` [ RunTime:0.000000s ]
ERR: 1146:Table 'bbs.bbs_zhaolun' doesn't exist
 [ SQLËØ≠Âè• ] : SHOW COLUMNS FROM `bbs_zhaolun`
SQL: SHOW COLUMNS FROM `bbs_liujun` [ RunTime:0.000000s ]
ERR: 1146:Table 'bbs.bbs_liujun' doesn't exist
 [ SQLËØ≠Âè• ] : SHOW COLUMNS FROM `bbs_liujun`
SQL: SHOW COLUMNS FROM `bbs_php` [ RunTime:0.010000s ]
ERR: 1146:Table 'bbs.bbs_php' doesn't exist
 [ SQLËØ≠Âè• ] : SHOW COLUMNS FROM `bbs_php`
SQL: SHOW COLUMNS FROM `bbs_mingshi` [ RunTime:0.000000s ]
ERR: 1146:Table 'bbs.bbs_mingshi' doesn't exist
 [ SQLËØ≠Âè• ] : SHOW COLUMNS FROM `bbs_mingshi`
SQL: SHOW COLUMNS FROM `bbs_zhaopin` [ RunTime:0.000000s ]
ERR: 1146:Table 'bbs.bbs_zhaopin' doesn't exist
 [ SQLËØ≠Âè• ] : SHOW COLUMNS FROM `bbs_zhaopin`
SQL: SHOW COLUMNS FROM `bbs_question` [ RunTime:0.010000s ]
ERR: 1146:Table 'bbs.bbs_question' doesn't exist
 [ SQLËØ≠Âè• ] : SHOW COLUMNS FROM `bbs_question`
SQL: SELECT * FROM `bbs_family`  [ RunTime:0.000000s ]
ERR: 1146:Table 'bbs.bbs_family' doesn't exist
 [ SQLËØ≠Âè• ] : SELECT * FROM `bbs_family` 
SQL: SELECT * FROM `bbs_xueyuan`  [ RunTime:0.000000s ]
ERR: 1146:Table 'bbs.bbs_xueyuan' doesn't exist
 [ SQLËØ≠Âè• ] : SELECT * FROM `bbs_xueyuan` 
SQL: SELECT * FROM `bbs_banji`  [ RunTime:0.000000s ]
ERR: 1146:Table 'bbs.bbs_banji' doesn't exist
 [ SQLËØ≠Âè• ] : SELECT * FROM `bbs_banji` 
SQL: SELECT * FROM `bbs_zhaolun`  [ RunTime:0.000000s ]
ERR: 1146:Table 'bbs.bbs_zhaolun' doesn't exist
 [ SQLËØ≠Âè• ] : SELECT * FROM `bbs_zhaolun` 
SQL: SELECT * FROM `bbs_liujun`  [ RunTime:0.010000s ]
ERR: 1146:Table 'bbs.bbs_liujun' doesn't exist
 [ SQLËØ≠Âè• ] : SELECT * FROM `bbs_liujun` 
SQL: SELECT * FROM `bbs_php`  [ RunTime:0.000000s ]
ERR: 1146:Table 'bbs.bbs_php' doesn't exist
 [ SQLËØ≠Âè• ] : SELECT * FROM `bbs_php` 
SQL: SELECT * FROM `bbs_mingshi`  [ RunTime:0.000000s ]
ERR: 1146:Table 'bbs.bbs_mingshi' doesn't exist
 [ SQLËØ≠Âè• ] : SELECT * FROM `bbs_mingshi` 
SQL: SELECT * FROM `bbs_zhaopin`  [ RunTime:0.000000s ]
ERR: 1146:Table 'bbs.bbs_zhaopin' doesn't exist
 [ SQLËØ≠Âè• ] : SELECT * FROM `bbs_zhaopin` 
SQL: SELECT * FROM `bbs_question` WHERE ( status=0 )  [ RunTime:0.000000s ]
ERR: 1146:Table 'bbs.bbs_question' doesn't exist
 [ SQLËØ≠Âè• ] : SELECT * FROM `bbs_question` WHERE ( status=0 ) 
INFO: [ view_parse ] --START--
INFO: [ template_filter ] --START--
INFO: Run Behavior\ContentReplaceBehavior [ RunTime:0.000000s ]
INFO: [ template_filter ] --END-- [ RunTime:0.000000s ]
NOTIC: [8] Undefined variable: pic D:\mybbs\Application\Runtime\Cache\Home\2a94b8bda04ff446dcedd42276fc99ee.php Á¨¨ 93 Ë°å.
INFO: Run Behavior\ParseTemplateBehavior [ RunTime:0.030000s ]
INFO: [ view_parse ] --END-- [ RunTime:0.030000s ]
INFO: [ view_filter ] --START--
INFO: Run Behavior\WriteHtmlCacheBehavior [ RunTime:0.000000s ]
INFO: [ view_filter ] --END-- [ RunTime:0.010000s ]
INFO: [ app_end ] --START--
INFO: Run Behavior\ShowPageTraceBehavior [ RunTime:0.000000s ]
INFO: [ app_end ] --END-- [ RunTime:0.000000s ]

[ 2014-12-28T20:17:30+08:00 ] 127.0.0.1 /
INFO: [ app_init ] --START--
INFO: Run Behavior\BuildLiteBehavior [ RunTime:0.001000s ]
INFO: [ app_init ] --END-- [ RunTime:0.001000s ]
INFO: [ app_begin ] --START--
INFO: Run Behavior\ReadHtmlCacheBehavior [ RunTime:0.001000s ]
INFO: [ app_begin ] --END-- [ RunTime:0.001000s ]
NOTIC: [8192] mysql_connect(): The mysql extension is deprecated and will be removed in the future: use mysqli or PDO instead D:\mybbs\ThinkPHP\Library\Think\Db\Driver\Mysql.class.php Á¨¨ 52 Ë°å.
SQL: SHOW COLUMNS FROM `bbs_family` [ RunTime:0.003000s ]
SQL: SHOW COLUMNS FROM `bbs_xueyuan` [ RunTime:0.003001s ]
SQL: SHOW COLUMNS FROM `bbs_banji` [ RunTime:0.002000s ]
SQL: SHOW COLUMNS FROM `bbs_zhaolun` [ RunTime:0.003000s ]
SQL: SHOW COLUMNS FROM `bbs_liujun` [ RunTime:0.002000s ]
SQL: SHOW COLUMNS FROM `bbs_php` [ RunTime:0.003000s ]
SQL: SHOW COLUMNS FROM `bbs_mingshi` [ RunTime:0.002000s ]
SQL: SHOW COLUMNS FROM `bbs_zhaopin` [ RunTime:0.004000s ]
SQL: SHOW COLUMNS FROM `bbs_question` [ RunTime:0.003001s ]
SQL: SELECT * FROM `bbs_family`  [ RunTime:0.001000s ]
SQL: SELECT * FROM `bbs_xueyuan`  [ RunTime:0.001000s ]
SQL: SELECT * FROM `bbs_banji`  [ RunTime:0.001000s ]
SQL: SELECT * FROM `bbs_zhaolun`  [ RunTime:0.001000s ]
SQL: SELECT * FROM `bbs_liujun`  [ RunTime:0.001000s ]
SQL: SELECT * FROM `bbs_php`  [ RunTime:0.000000s ]
SQL: SELECT * FROM `bbs_mingshi`  [ RunTime:0.000000s ]
SQL: SELECT * FROM `bbs_zhaopin`  [ RunTime:0.002000s ]
SQL: SELECT * FROM `bbs_question` WHERE ( status=0 )  [ RunTime:0.002000s ]
INFO: [ view_parse ] --START--
INFO: [ template_filter ] --START--
INFO: Run Behavior\ContentReplaceBehavior [ RunTime:0.000000s ]
INFO: [ template_filter ] --END-- [ RunTime:0.000000s ]
NOTIC: [8] Undefined variable: pic D:\mybbs\Application\Runtime\Cache\Home\2a94b8bda04ff446dcedd42276fc99ee.php Á¨¨ 103 Ë°å.
NOTIC: [8] Undefined index: username D:\mybbs\Application\Runtime\Cache\Home\2a94b8bda04ff446dcedd42276fc99ee.php Á¨¨ 327 Ë°å.
NOTIC: [8] Undefined index: username D:\mybbs\Application\Runtime\Cache\Home\2a94b8bda04ff446dcedd42276fc99ee.php Á¨¨ 328 Ë°å.
INFO: Run Behavior\ParseTemplateBehavior [ RunTime:0.032002s ]
INFO: [ view_parse ] --END-- [ RunTime:0.032002s ]
INFO: [ view_filter ] --START--
INFO: Run Behavior\WriteHtmlCacheBehavior [ RunTime:0.000000s ]
INFO: [ view_filter ] --END-- [ RunTime:0.000000s ]
INFO: [ app_end ] --START--
INFO: Run Behavior\ShowPageTraceBehavior [ RunTime:0.004001s ]
INFO: [ app_end ] --END-- [ RunTime:0.004001s ]

[ 2014-12-28T20:19:19+08:00 ] 127.0.0.1 /
INFO: [ app_init ] --START--
INFO: Run Behavior\BuildLiteBehavior [ RunTime:0.000000s ]
INFO: [ app_init ] --END-- [ RunTime:0.001000s ]
INFO: [ app_begin ] --START--
INFO: Run Behavior\ReadHtmlCacheBehavior [ RunTime:0.001000s ]
INFO: [ app_begin ] --END-- [ RunTime:0.001000s ]
NOTIC: [8192] mysql_connect(): The mysql extension is deprecated and will be removed in the future: use mysqli or PDO instead D:\mybbs\ThinkPHP\Library\Think\Db\Driver\Mysql.class.php Á¨¨ 52 Ë°å.
SQL: SHOW COLUMNS FROM `bbs_family` [ RunTime:0.003000s ]
SQL: SHOW COLUMNS FROM `bbs_xueyuan` [ RunTime:0.002000s ]
SQL: SHOW COLUMNS FROM `bbs_banji` [ RunTime:0.003000s ]
SQL: SHOW COLUMNS FROM `bbs_zhaolun` [ RunTime:0.002001s ]
SQL: SHOW COLUMNS FROM `bbs_liujun` [ RunTime:0.002000s ]
SQL: SHOW COLUMNS FROM `bbs_php` [ RunTime:0.002000s ]
SQL: SHOW COLUMNS FROM `bbs_mingshi` [ RunTime:0.002000s ]
SQL: SHOW COLUMNS FROM `bbs_zhaopin` [ RunTime:0.003000s ]
SQL: SHOW COLUMNS FROM `bbs_question` [ RunTime:0.002000s ]
SQL: SELECT * FROM `bbs_family`  [ RunTime:0.001000s ]
SQL: SELECT * FROM `bbs_xueyuan`  [ RunTime:0.002001s ]
SQL: SELECT * FROM `bbs_banji`  [ RunTime:0.001000s ]
SQL: SELECT * FROM `bbs_zhaolun`  [ RunTime:0.001000s ]
SQL: SELECT * FROM `bbs_liujun`  [ RunTime:0.001000s ]
SQL: SELECT * FROM `bbs_php`  [ RunTime:0.001000s ]
SQL: SELECT * FROM `bbs_mingshi`  [ RunTime:0.002000s ]
SQL: SELECT * FROM `bbs_zhaopin`  [ RunTime:0.001000s ]
SQL: SELECT * FROM `bbs_question` WHERE ( status=0 )  [ RunTime:0.003000s ]
INFO: [ view_parse ] --START--
INFO: [ template_filter ] --START--
INFO: Run Behavior\ContentReplaceBehavior [ RunTime:0.000000s ]
INFO: [ template_filter ] --END-- [ RunTime:0.001000s ]
NOTIC: [8] Undefined variable: pic D:\mybbs\Application\Runtime\Cache\Home\2a94b8bda04ff446dcedd42276fc99ee.php Á¨¨ 100 Ë°å.
NOTIC: [8] Undefined index: username D:\mybbs\Application\Runtime\Cache\Home\2a94b8bda04ff446dcedd42276fc99ee.php Á¨¨ 324 Ë°å.
NOTIC: [8] Undefined index: username D:\mybbs\Application\Runtime\Cache\Home\2a94b8bda04ff446dcedd42276fc99ee.php Á¨¨ 325 Ë°å.
INFO: Run Behavior\ParseTemplateBehavior [ RunTime:0.030002s ]
INFO: [ view_parse ] --END-- [ RunTime:0.030002s ]
INFO: [ view_filter ] --START--
INFO: Run Behavior\WriteHtmlCacheBehavior [ RunTime:0.001000s ]
INFO: [ view_filter ] --END-- [ RunTime:0.001000s ]
INFO: [ app_end ] --START--
INFO: Run Behavior\ShowPageTraceBehavior [ RunTime:0.001000s ]
INFO: [ app_end ] --END-- [ RunTime:0.001000s ]

[ 2014-12-28T20:19:22+08:00 ] 127.0.0.1 /
INFO: [ app_init ] --START--
INFO: Run Behavior\BuildLiteBehavior [ RunTime:0.000000s ]
INFO: [ app_init ] --END-- [ RunTime:0.001000s ]
INFO: [ app_begin ] --START--
INFO: Run Behavior\ReadHtmlCacheBehavior [ RunTime:0.001000s ]
INFO: [ app_begin ] --END-- [ RunTime:0.001000s ]
NOTIC: [8192] mysql_connect(): The mysql extension is deprecated and will be removed in the future: use mysqli or PDO instead D:\mybbs\ThinkPHP\Library\Think\Db\Driver\Mysql.class.php Á¨¨ 52 Ë°å.
SQL: SHOW COLUMNS FROM `bbs_family` [ RunTime:0.003000s ]
SQL: SHOW COLUMNS FROM `bbs_xueyuan` [ RunTime:0.005000s ]
SQL: SHOW COLUMNS FROM `bbs_banji` [ RunTime:0.003000s ]
SQL: SHOW COLUMNS FROM `bbs_zhaolun` [ RunTime:0.004001s ]
SQL: SHOW COLUMNS FROM `bbs_liujun` [ RunTime:0.004000s ]
SQL: SHOW COLUMNS FROM `bbs_php` [ RunTime:0.004000s ]
SQL: SHOW COLUMNS FROM `bbs_mingshi` [ RunTime:0.003000s ]
SQL: SHOW COLUMNS FROM `bbs_zhaopin` [ RunTime:0.004001s ]
SQL: SHOW COLUMNS FROM `bbs_question` [ RunTime:0.002000s ]
SQL: SELECT * FROM `bbs_family`  [ RunTime:0.006000s ]
SQL: SELECT * FROM `bbs_xueyuan`  [ RunTime:0.003000s ]
SQL: SELECT * FROM `bbs_banji`  [ RunTime:0.001000s ]
SQL: SELECT * FROM `bbs_zhaolun`  [ RunTime:0.001000s ]
SQL: SELECT * FROM `bbs_liujun`  [ RunTime:0.000000s ]
SQL: SELECT * FROM `bbs_php`  [ RunTime:0.000000s ]
SQL: SELECT * FROM `bbs_mingshi`  [ RunTime:0.000000s ]
SQL: SELECT * FROM `bbs_zhaopin`  [ RunTime:0.000000s ]
SQL: SELECT * FROM `bbs_question` WHERE ( status=0 )  [ RunTime:0.002000s ]
INFO: [ view_parse ] --START--
INFO: [ template_filter ] --START--
INFO: Run Behavior\ContentReplaceBehavior [ RunTime:0.000000s ]
INFO: [ template_filter ] --END-- [ RunTime:0.000000s ]
NOTIC: [8] Undefined variable: pic D:\mybbs\Application\Runtime\Cache\Home\2a94b8bda04ff446dcedd42276fc99ee.php Á¨¨ 100 Ë°å.
NOTIC: [8] Undefined index: username D:\mybbs\Application\Runtime\Cache\Home\2a94b8bda04ff446dcedd42276fc99ee.php Á¨¨ 324 Ë°å.
NOTIC: [8] Undefined index: username D:\mybbs\Application\Runtime\Cache\Home\2a94b8bda04ff446dcedd42276fc99ee.php Á¨¨ 325 Ë°å.
INFO: Run Behavior\ParseTemplateBehavior [ RunTime:0.048002s ]
INFO: [ view_parse ] --END-- [ RunTime:0.048002s ]
INFO: [ view_filter ] --START--
INFO: Run Behavior\WriteHtmlCacheBehavior [ RunTime:0.002001s ]
INFO: [ view_filter ] --END-- [ RunTime:0.003001s ]
INFO: [ app_end ] --START--
INFO: Run Behavior\ShowPageTraceBehavior [ RunTime:0.023001s ]
INFO: [ app_end ] --END-- [ RunTime:0.023001s ]

[ 2014-12-28T20:19:25+08:00 ] 127.0.0.1 /index.php
INFO: [ app_init ] --START--
INFO: Run Behavior\BuildLiteBehavior [ RunTime:0.000000s ]
INFO: [ app_init ] --END-- [ RunTime:0.001000s ]
INFO: [ app_begin ] --START--
INFO: Run Behavior\ReadHtmlCacheBehavior [ RunTime:0.001000s ]
INFO: [ app_begin ] --END-- [ RunTime:0.001000s ]
NOTIC: [8192] mysql_connect(): The mysql extension is deprecated and will be removed in the future: use mysqli or PDO instead D:\mybbs\ThinkPHP\Library\Think\Db\Driver\Mysql.class.php Á¨¨ 52 Ë°å.
SQL: SHOW COLUMNS FROM `bbs_family` [ RunTime:0.003001s ]
SQL: SHOW COLUMNS FROM `bbs_xueyuan` [ RunTime:0.002000s ]
SQL: SHOW COLUMNS FROM `bbs_banji` [ RunTime:0.003000s ]
SQL: SHOW COLUMNS FROM `bbs_zhaolun` [ RunTime:0.003000s ]
SQL: SHOW COLUMNS FROM `bbs_liujun` [ RunTime:0.004000s ]
SQL: SHOW COLUMNS FROM `bbs_php` [ RunTime:0.003000s ]
SQL: SHOW COLUMNS FROM `bbs_mingshi` [ RunTime:0.002001s ]
SQL: SHOW COLUMNS FROM `bbs_zhaopin` [ RunTime:0.003000s ]
SQL: SHOW COLUMNS FROM `bbs_question` [ RunTime:0.003000s ]
SQL: SELECT * FROM `bbs_family`  [ RunTime:0.001000s ]
SQL: SELECT * FROM `bbs_xueyuan`  [ RunTime:0.002000s ]
SQL: SELECT * FROM `bbs_banji`  [ RunTime:0.000000s ]
SQL: SELECT * FROM `bbs_zhaolun`  [ RunTime:0.000000s ]
SQL: SELECT * FROM `bbs_liujun`  [ RunTime:0.001000s ]
SQL: SELECT * FROM `bbs_php`  [ RunTime:0.001000s ]
SQL: SELECT * FROM `bbs_mingshi`  [ RunTime:0.001000s ]
SQL: SELECT * FROM `bbs_zhaopin`  [ RunTime:0.001000s ]
SQL: SELECT * FROM `bbs_question` WHERE ( status=0 )  [ RunTime:0.002001s ]
INFO: [ view_parse ] --START--
INFO: [ template_filter ] --START--
INFO: Run Behavior\ContentReplaceBehavior [ RunTime:0.001000s ]
INFO: [ template_filter ] --END-- [ RunTime:0.001000s ]
NOTIC: [8] Undefined variable: pic D:\mybbs\Application\Runtime\Cache\Home\2a94b8bda04ff446dcedd42276fc99ee.php Á¨¨ 100 Ë°å.
NOTIC: [8] Undefined index: username D:\mybbs\Application\Runtime\Cache\Home\2a94b8bda04ff446dcedd42276fc99ee.php Á¨¨ 324 Ë°å.
NOTIC: [8] Undefined index: username D:\mybbs\Application\Runtime\Cache\Home\2a94b8bda04ff446dcedd42276fc99ee.php Á¨¨ 325 Ë°å.
INFO: Run Behavior\ParseTemplateBehavior [ RunTime:0.031001s ]
INFO: [ view_parse ] --END-- [ RunTime:0.031001s ]
INFO: [ view_filter ] --START--
INFO: Run Behavior\WriteHtmlCacheBehavior [ RunTime:0.001000s ]
INFO: [ view_filter ] --END-- [ RunTime:0.001000s ]
INFO: [ app_end ] --START--
INFO: Run Behavior\ShowPageTraceBehavior [ RunTime:0.001000s ]
INFO: [ app_end ] --END-- [ RunTime:0.001000s ]

[ 2014-12-28T20:19:45+08:00 ] 127.0.0.1 /index.php
INFO: [ app_init ] --START--
INFO: Run Behavior\BuildLiteBehavior [ RunTime:0.000000s ]
INFO: [ app_init ] --END-- [ RunTime:0.001000s ]
INFO: [ app_begin ] --START--
INFO: Run Behavior\ReadHtmlCacheBehavior [ RunTime:0.001000s ]
INFO: [ app_begin ] --END-- [ RunTime:0.001000s ]
NOTIC: [8192] mysql_connect(): The mysql extension is deprecated and will be removed in the future: use mysqli or PDO instead D:\mybbs\ThinkPHP\Library\Think\Db\Driver\Mysql.class.php Á¨¨ 52 Ë°å.
SQL: SHOW COLUMNS FROM `bbs_family` [ RunTime:0.003000s ]
SQL: SHOW COLUMNS FROM `bbs_xueyuan` [ RunTime:0.003000s ]
SQL: SHOW COLUMNS FROM `bbs_banji` [ RunTime:0.002001s ]
SQL: SHOW COLUMNS FROM `bbs_zhaolun` [ RunTime:0.003000s ]
SQL: SHOW COLUMNS FROM `bbs_liujun` [ RunTime:0.002000s ]
SQL: SHOW COLUMNS FROM `bbs_php` [ RunTime:0.003000s ]
SQL: SHOW COLUMNS FROM `bbs_mingshi` [ RunTime:0.002000s ]
SQL: SHOW COLUMNS FROM `bbs_zhaopin` [ RunTime:0.003000s ]
SQL: SHOW COLUMNS FROM `bbs_question` [ RunTime:0.003000s ]
SQL: SELECT * FROM `bbs_family`  [ RunTime:0.001001s ]
SQL: SELECT * FROM `bbs_xueyuan`  [ RunTime:0.002000s ]
SQL: SELECT * FROM `bbs_banji`  [ RunTime:0.002000s ]
SQL: SELECT * FROM `bbs_zhaolun`  [ RunTime:0.001000s ]
SQL: SELECT * FROM `bbs_liujun`  [ RunTime:0.002000s ]
SQL: SELECT * FROM `bbs_php`  [ RunTime:0.001000s ]
SQL: SELECT * FROM `bbs_mingshi`  [ RunTime:0.001000s ]
SQL: SELECT * FROM `bbs_zhaopin`  [ RunTime:0.001000s ]
SQL: SELECT * FROM `bbs_question` WHERE ( status=0 )  [ RunTime:0.002000s ]
INFO: [ view_parse ] --START--
INFO: [ template_filter ] --START--
INFO: Run Behavior\ContentReplaceBehavior [ RunTime:0.001000s ]
INFO: [ template_filter ] --END-- [ RunTime:0.001000s ]
NOTIC: [8] Undefined variable: pic D:\mybbs\Application\Runtime\Cache\Home\2a94b8bda04ff446dcedd42276fc99ee.php Á¨¨ 100 Ë°å.
NOTIC: [8] Undefined index: username D:\mybbs\Application\Runtime\Cache\Home\2a94b8bda04ff446dcedd42276fc99ee.php Á¨¨ 324 Ë°å.
NOTIC: [8] Undefined index: username D:\mybbs\Application\Runtime\Cache\Home\2a94b8bda04ff446dcedd42276fc99ee.php Á¨¨ 325 Ë°å.
INFO: Run Behavior\ParseTemplateBehavior [ RunTime:0.039003s ]
INFO: [ view_parse ] --END-- [ RunTime:0.040003s ]
INFO: [ view_filter ] --START--
INFO: Run Behavior\WriteHtmlCacheBehavior [ RunTime:0.001000s ]
INFO: [ view_filter ] --END-- [ RunTime:0.001000s ]
INFO: [ app_end ] --START--
INFO: Run Behavior\ShowPageTraceBehavior [ RunTime:0.003000s ]
INFO: [ app_end ] --END-- [ RunTime:0.004000s ]

[ 2014-12-28T20:19:45+08:00 ] 127.0.0.1 /index.php
INFO: [ app_init ] --START--
INFO: Run Behavior\BuildLiteBehavior [ RunTime:0.000000s ]
INFO: [ app_init ] --END-- [ RunTime:0.000000s ]
INFO: [ app_begin ] --START--
INFO: Run Behavior\ReadHtmlCacheBehavior [ RunTime:0.001000s ]
INFO: [ app_begin ] --END-- [ RunTime:0.001000s ]
NOTIC: [8192] mysql_connect(): The mysql extension is deprecated and will be removed in the future: use mysqli or PDO instead D:\mybbs\ThinkPHP\Library\Think\Db\Driver\Mysql.class.php Á¨¨ 52 Ë°å.
SQL: SHOW COLUMNS FROM `bbs_family` [ RunTime:0.004000s ]
SQL: SHOW COLUMNS FROM `bbs_xueyuan` [ RunTime:0.003000s ]
SQL: SHOW COLUMNS FROM `bbs_banji` [ RunTime:0.002000s ]
SQL: SHOW COLUMNS FROM `bbs_zhaolun` [ RunTime:0.005000s ]
SQL: SHOW COLUMNS FROM `bbs_liujun` [ RunTime:0.003001s ]
SQL: SHOW COLUMNS FROM `bbs_php` [ RunTime:0.003000s ]
SQL: SHOW COLUMNS FROM `bbs_mingshi` [ RunTime:0.002000s ]
SQL: SHOW COLUMNS FROM `bbs_zhaopin` [ RunTime:0.003000s ]
SQL: SHOW COLUMNS FROM `bbs_question` [ RunTime:0.003000s ]
SQL: SELECT * FROM `bbs_family`  [ RunTime:0.001000s ]
SQL: SELECT * FROM `bbs_xueyuan`  [ RunTime:0.002000s ]
SQL: SELECT * FROM `bbs_banji`  [ RunTime:0.001000s ]
SQL: SELECT * FROM `bbs_zhaolun`  [ RunTime:0.002001s ]
SQL: SELECT * FROM `bbs_liujun`  [ RunTime:0.001000s ]
SQL: SELECT * FROM `bbs_php`  [ RunTime:0.001000s ]
SQL: SELECT * FROM `bbs_mingshi`  [ RunTime:0.001000s ]
SQL: SELECT * FROM `bbs_zhaopin`  [ RunTime:0.001000s ]
SQL: SELECT * FROM `bbs_question` WHERE ( status=0 )  [ RunTime:0.002000s ]
INFO: [ view_parse ] --START--
INFO: [ template_filter ] --START--
INFO: Run Behavior\ContentReplaceBehavior [ RunTime:0.000000s ]
INFO: [ template_filter ] --END-- [ RunTime:0.000000s ]
NOTIC: [8] Undefined variable: pic D:\mybbs\Application\Runtime\Cache\Home\2a94b8bda04ff446dcedd42276fc99ee.php Á¨¨ 100 Ë°å.
NOTIC: [8] Undefined index: username D:\mybbs\Application\Runtime\Cache\Home\2a94b8bda04ff446dcedd42276fc99ee.php Á¨¨ 324 Ë°å.
NOTIC: [8] Undefined index: username D:\mybbs\Application\Runtime\Cache\Home\2a94b8bda04ff446dcedd42276fc99ee.php Á¨¨ 325 Ë°å.
INFO: Run Behavior\ParseTemplateBehavior [ RunTime:0.029002s ]
INFO: [ view_parse ] --END-- [ RunTime:0.029002s ]
INFO: [ view_filter ] --START--
INFO: Run Behavior\WriteHtmlCacheBehavior [ RunTime:0.000000s ]
INFO: [ view_filter ] --END-- [ RunTime:0.000000s ]
INFO: [ app_end ] --START--
INFO: Run Behavior\ShowPageTraceBehavior [ RunTime:0.006000s ]
INFO: [ app_end ] --END-- [ RunTime:0.006000s ]

[ 2014-12-28T20:19:47+08:00 ] 127.0.0.1 /index.php
INFO: [ app_init ] --START--
INFO: Run Behavior\BuildLiteBehavior [ RunTime:0.000000s ]
INFO: [ app_init ] --END-- [ RunTime:0.000000s ]
INFO: [ app_begin ] --START--
INFO: Run Behavior\ReadHtmlCacheBehavior [ RunTime:0.001000s ]
INFO: [ app_begin ] --END-- [ RunTime:0.001000s ]
NOTIC: [8192] mysql_connect(): The mysql extension is deprecated and will be removed in the future: use mysqli or PDO instead D:\mybbs\ThinkPHP\Library\Think\Db\Driver\Mysql.class.php Á¨¨ 52 Ë°å.
SQL: SHOW COLUMNS FROM `bbs_family` [ RunTime:0.004000s ]
SQL: SHOW COLUMNS FROM `bbs_xueyuan` [ RunTime:0.003000s ]
SQL: SHOW COLUMNS FROM `bbs_banji` [ RunTime:0.002000s ]
SQL: SHOW COLUMNS FROM `bbs_zhaolun` [ RunTime:0.003000s ]
SQL: SHOW COLUMNS FROM `bbs_liujun` [ RunTime:0.004000s ]
SQL: SHOW COLUMNS FROM `bbs_php` [ RunTime:0.004001s ]
SQL: SHOW COLUMNS FROM `bbs_mingshi` [ RunTime:0.002000s ]
SQL: SHOW COLUMNS FROM `bbs_zhaopin` [ RunTime:0.002000s ]
SQL: SHOW COLUMNS FROM `bbs_question` [ RunTime:0.002000s ]
SQL: SELECT * FROM `bbs_family`  [ RunTime:0.002000s ]
SQL: SELECT * FROM `bbs_xueyuan`  [ RunTime:0.001000s ]
SQL: SELECT * FROM `bbs_banji`  [ RunTime:0.001000s ]
SQL: SELECT * FROM `bbs_zhaolun`  [ RunTime:0.001001s ]
SQL: SELECT * FROM `bbs_liujun`  [ RunTime:0.001000s ]
SQL: SELECT * FROM `bbs_php`  [ RunTime:0.001000s ]
SQL: SELECT * FROM `bbs_mingshi`  [ RunTime:0.001000s ]
SQL: SELECT * FROM `bbs_zhaopin`  [ RunTime:0.000000s ]
SQL: SELECT * FROM `bbs_question` WHERE ( status=0 )  [ RunTime:0.002000s ]
INFO: [ view_parse ] --START--
INFO: [ template_filter ] --START--
INFO: Run Behavior\ContentReplaceBehavior [ RunTime:0.000000s ]
INFO: [ template_filter ] --END-- [ RunTime:0.000000s ]
NOTIC: [8] Undefined variable: pic D:\mybbs\Application\Runtime\Cache\Home\2a94b8bda04ff446dcedd42276fc99ee.php Á¨¨ 100 Ë°å.
NOTIC: [8] Undefined index: username D:\mybbs\Application\Runtime\Cache\Home\2a94b8bda04ff446dcedd42276fc99ee.php Á¨¨ 324 Ë°å.
NOTIC: [8] Undefined index: username D:\mybbs\Application\Runtime\Cache\Home\2a94b8bda04ff446dcedd42276fc99ee.php Á¨¨ 325 Ë°å.
INFO: Run Behavior\ParseTemplateBehavior [ RunTime:0.031002s ]
INFO: [ view_parse ] --END-- [ RunTime:0.031002s ]
INFO: [ view_filter ] --START--
INFO: Run Behavior\WriteHtmlCacheBehavior [ RunTime:0.001000s ]
INFO: [ view_filter ] --END-- [ RunTime:0.001000s ]
INFO: [ app_end ] --START--
INFO: Run Behavior\ShowPageTraceBehavior [ RunTime:0.006000s ]
INFO: [ app_end ] --END-- [ RunTime:0.006000s ]

[ 2014-12-28T20:19:49+08:00 ] 127.0.0.1 /index.php
INFO: [ app_init ] --START--
INFO: Run Behavior\BuildLiteBehavior [ RunTime:0.000000s ]
INFO: [ app_init ] --END-- [ RunTime:0.000000s ]
INFO: [ app_begin ] --START--
INFO: Run Behavior\ReadHtmlCacheBehavior [ RunTime:0.003000s ]
INFO: [ app_begin ] --END-- [ RunTime:0.003000s ]
NOTIC: [8192] mysql_connect(): The mysql extension is deprecated and will be removed in the future: use mysqli or PDO instead D:\mybbs\ThinkPHP\Library\Think\Db\Driver\Mysql.class.php Á¨¨ 52 Ë°å.
SQL: SHOW COLUMNS FROM `bbs_family` [ RunTime:0.003001s ]
SQL: SHOW COLUMNS FROM `bbs_xueyuan` [ RunTime:0.002000s ]
SQL: SHOW COLUMNS FROM `bbs_banji` [ RunTime:0.004000s ]
SQL: SHOW COLUMNS FROM `bbs_zhaolun` [ RunTime:0.003000s ]
SQL: SHOW COLUMNS FROM `bbs_liujun` [ RunTime:0.003000s ]
SQL: SHOW COLUMNS FROM `bbs_php` [ RunTime:0.003000s ]
SQL: SHOW COLUMNS FROM `bbs_mingshi` [ RunTime:0.003001s ]
SQL: SHOW COLUMNS FROM `bbs_zhaopin` [ RunTime:0.004000s ]
SQL: SHOW COLUMNS FROM `bbs_question` [ RunTime:0.002000s ]
SQL: SELECT * FROM `bbs_family`  [ RunTime:0.001000s ]
SQL: SELECT * FROM `bbs_xueyuan`  [ RunTime:0.001000s ]
SQL: SELECT * FROM `bbs_banji`  [ RunTime:0.001000s ]
SQL: SELECT * FROM `bbs_zhaolun`  [ RunTime:0.001000s ]
SQL: SELECT * FROM `bbs_liujun`  [ RunTime:0.001001s ]
SQL: SELECT * FROM `bbs_php`  [ RunTime:0.002000s ]
SQL: SELECT * FROM `bbs_mingshi`  [ RunTime:0.002000s ]
SQL: SELECT * FROM `bbs_zhaopin`  [ RunTime:0.002000s ]
SQL: SELECT * FROM `bbs_question` WHERE ( status=0 )  [ RunTime:0.004000s ]
INFO: [ view_parse ] --START--
INFO: [ template_filter ] --START--
INFO: Run Behavior\ContentReplaceBehavior [ RunTime:0.001000s ]
INFO: [ template_filter ] --END-- [ RunTime:0.001000s ]
NOTIC: [8] Undefined variable: pic D:\mybbs\Application\Runtime\Cache\Home\2a94b8bda04ff446dcedd42276fc99ee.php Á¨¨ 100 Ë°å.
NOTIC: [8] Undefined index: username D:\mybbs\Application\Runtime\Cache\Home\2a94b8bda04ff446dcedd42276fc99ee.php Á¨¨ 324 Ë°å.
NOTIC: [8] Undefined index: username D:\mybbs\Application\Runtime\Cache\Home\2a94b8bda04ff446dcedd42276fc99ee.php Á¨¨ 325 Ë°å.
INFO: Run Behavior\ParseTemplateBehavior [ RunTime:0.035002s ]
INFO: [ view_parse ] --END-- [ RunTime:0.036002s ]
INFO: [ view_filter ] --START--
INFO: Run Behavior\WriteHtmlCacheBehavior [ RunTime:0.043003s ]
INFO: [ view_filter ] --END-- [ RunTime:0.044003s ]
INFO: [ app_end ] --START--
INFO: Run Behavior\ShowPageTraceBehavior [ RunTime:0.003000s ]
INFO: [ app_end ] --END-- [ RunTime:0.003000s ]

[ 2014-12-28T20:20:14+08:00 ] 127.0.0.1 /index.php
INFO: [ app_init ] --START--
INFO: Run Behavior\BuildLiteBehavior [ RunTime:0.000000s ]
INFO: [ app_init ] --END-- [ RunTime:0.001000s ]
INFO: [ app_begin ] --START--
INFO: Run Behavior\ReadHtmlCacheBehavior [ RunTime:0.001000s ]
INFO: [ app_begin ] --END-- [ RunTime:0.001000s ]
NOTIC: [8192] mysql_connect(): The mysql extension is deprecated and will be removed in the future: use mysqli or PDO instead D:\mybbs\ThinkPHP\Library\Think\Db\Driver\Mysql.class.php Á¨¨ 52 Ë°å.
SQL: SHOW COLUMNS FROM `bbs_family` [ RunTime:0.003000s ]
SQL: SHOW COLUMNS FROM `bbs_xueyuan` [ RunTime:0.003000s ]
SQL: SHOW COLUMNS FROM `bbs_banji` [ RunTime:0.003000s ]
SQL: SHOW COLUMNS FROM `bbs_zhaolun` [ RunTime:0.002000s ]
SQL: SHOW COLUMNS FROM `bbs_liujun` [ RunTime:0.003001s ]
SQL: SHOW COLUMNS FROM `bbs_php` [ RunTime:0.002000s ]
SQL: SHOW COLUMNS FROM `bbs_mingshi` [ RunTime:0.003000s ]
SQL: SHOW COLUMNS FROM `bbs_zhaopin` [ RunTime:0.002000s ]
SQL: SHOW COLUMNS FROM `bbs_question` [ RunTime:0.003000s ]
SQL: SELECT * FROM `bbs_family`  [ RunTime:0.002000s ]
SQL: SELECT * FROM `bbs_xueyuan`  [ RunTime:0.001000s ]
SQL: SELECT * FROM `bbs_banji`  [ RunTime:0.002000s ]
SQL: SELECT * FROM `bbs_zhaolun`  [ RunTime:0.001000s ]
SQL: SELECT * FROM `bbs_liujun`  [ RunTime:0.001000s ]
SQL: SELECT * FROM `bbs_php`  [ RunTime:0.001001s ]
SQL: SELECT * FROM `bbs_mingshi`  [ RunTime:0.001000s ]
SQL: SELECT * FROM `bbs_zhaopin`  [ RunTime:0.000000s ]
SQL: SELECT * FROM `bbs_question` WHERE ( status=0 )  [ RunTime:0.002000s ]
INFO: [ view_parse ] --START--
INFO: [ template_filter ] --START--
INFO: Run Behavior\ContentReplaceBehavior [ RunTime:0.000000s ]
INFO: [ template_filter ] --END-- [ RunTime:0.000000s ]
NOTIC: [8] Undefined variable: pic D:\mybbs\Application\Runtime\Cache\Home\2a94b8bda04ff446dcedd42276fc99ee.php Á¨¨ 98 Ë°å.
NOTIC: [8] Undefined index: username D:\mybbs\Application\Runtime\Cache\Home\2a94b8bda04ff446dcedd42276fc99ee.php Á¨¨ 322 Ë°å.
NOTIC: [8] Undefined index: username D:\mybbs\Application\Runtime\Cache\Home\2a94b8bda04ff446dcedd42276fc99ee.php Á¨¨ 323 Ë°å.
INFO: Run Behavior\ParseTemplateBehavior [ RunTime:0.032002s ]
INFO: [ view_parse ] --END-- [ RunTime:0.032002s ]
INFO: [ view_filter ] --START--
INFO: Run Behavior\WriteHtmlCacheBehavior [ RunTime:0.001000s ]
INFO: [ view_filter ] --END-- [ RunTime:0.001000s ]
INFO: [ app_end ] --START--
INFO: Run Behavior\ShowPageTraceBehavior [ RunTime:0.006000s ]
INFO: [ app_end ] --END-- [ RunTime:0.006000s ]

