[ 2014-12-24T08:12:43+08:00 ] 127.0.0.1 /index.php
INFO: [ app_init ] --START--
INFO: Run Behavior\BuildLiteBehavior [ RunTime:0.000000s ]
INFO: [ app_init ] --END-- [ RunTime:0.001000s ]
INFO: [ app_begin ] --START--
INFO: Run Behavior\ReadHtmlCacheBehavior [ RunTime:0.001001s ]
INFO: [ app_begin ] --END-- [ RunTime:0.001001s ]
NOTIC: [8192] mysql_connect(): The mysql extension is deprecated and will be removed in the future: use mysqli or PDO instead D:\xampp\htdocs\mybbs\ThinkPHP\Library\Think\Db\Driver\Mysql.class.php 第 52 行.
SQL: SHOW COLUMNS FROM `bbs_family` [ RunTime:0.006000s ]
SQL: SHOW COLUMNS FROM `bbs_xueyuan` [ RunTime:0.006000s ]
SQL: SHOW COLUMNS FROM `bbs_banji` [ RunTime:0.006000s ]
SQL: SHOW COLUMNS FROM `bbs_zhaolun` [ RunTime:0.007000s ]
SQL: SHOW COLUMNS FROM `bbs_liujun` [ RunTime:0.005001s ]
SQL: SHOW COLUMNS FROM `bbs_php` [ RunTime:0.005000s ]
SQL: SHOW COLUMNS FROM `bbs_mingshi` [ RunTime:0.005000s ]
SQL: SHOW COLUMNS FROM `bbs_zhaopin` [ RunTime:0.005000s ]
SQL: SHOW COLUMNS FROM `bbs_question` [ RunTime:0.005001s ]
SQL: SELECT * FROM `bbs_family`  [ RunTime:0.015001s ]
SQL: SELECT * FROM `bbs_xueyuan`  [ RunTime:0.001000s ]
SQL: SELECT * FROM `bbs_banji`  [ RunTime:0.000000s ]
SQL: SELECT * FROM `bbs_zhaolun`  [ RunTime:0.000000s ]
SQL: SELECT * FROM `bbs_liujun`  [ RunTime:0.000000s ]
SQL: SELECT * FROM `bbs_php`  [ RunTime:0.000000s ]
SQL: SELECT * FROM `bbs_mingshi`  [ RunTime:0.001000s ]
SQL: SELECT * FROM `bbs_zhaopin`  [ RunTime:0.001000s ]
SQL: SELECT * FROM `bbs_question` WHERE ( status=0 )  [ RunTime:0.002000s ]
INFO: [ view_parse ] --START--
INFO: [ template_filter ] --START--
INFO: Run Behavior\ContentReplaceBehavior [ RunTime:0.000000s ]
INFO: [ template_filter ] --END-- [ RunTime:0.000000s ]
INFO: Run Behavior\ParseTemplateBehavior [ RunTime:0.044003s ]
INFO: [ view_parse ] --END-- [ RunTime:0.044003s ]
INFO: [ view_filter ] --START--
INFO: Run Behavior\WriteHtmlCacheBehavior [ RunTime:0.001000s ]
INFO: [ view_filter ] --END-- [ RunTime:0.001000s ]
INFO: [ app_end ] --START--
INFO: Run Behavior\ShowPageTraceBehavior [ RunTime:0.001000s ]
INFO: [ app_end ] --END-- [ RunTime:0.001000s ]

[ 2014-12-24T10:06:32+08:00 ] 127.0.0.1 /
INFO: [ app_init ] --START--
INFO: Run Behavior\BuildLiteBehavior [ RunTime:0.000000s ]
INFO: [ app_init ] --END-- [ RunTime:0.022001s ]
INFO: [ app_begin ] --START--
INFO: Run Behavior\ReadHtmlCacheBehavior [ RunTime:0.014001s ]
INFO: [ app_begin ] --END-- [ RunTime:0.015001s ]
NOTIC: [8192] mysql_connect(): The mysql extension is deprecated and will be removed in the future: use mysqli or PDO instead D:\xampp\htdocs\mybbs\ThinkPHP\Library\Think\Db\Driver\Mysql.class.php 第 52 行.
SQL: SHOW COLUMNS FROM `bbs_family` [ RunTime:0.040002s ]
SQL: SHOW COLUMNS FROM `bbs_xueyuan` [ RunTime:0.049003s ]
SQL: SHOW COLUMNS FROM `bbs_banji` [ RunTime:0.031002s ]
SQL: SHOW COLUMNS FROM `bbs_zhaolun` [ RunTime:0.036002s ]
SQL: SHOW COLUMNS FROM `bbs_liujun` [ RunTime:0.016001s ]
SQL: SHOW COLUMNS FROM `bbs_php` [ RunTime:0.031002s ]
SQL: SHOW COLUMNS FROM `bbs_mingshi` [ RunTime:0.040002s ]
SQL: SHOW COLUMNS FROM `bbs_zhaopin` [ RunTime:0.025001s ]
SQL: SHOW COLUMNS FROM `bbs_question` [ RunTime:0.020002s ]
SQL: SELECT * FROM `bbs_family`  [ RunTime:0.003000s ]
SQL: SELECT * FROM `bbs_xueyuan`  [ RunTime:0.003000s ]
SQL: SELECT * FROM `bbs_banji`  [ RunTime:0.001000s ]
SQL: SELECT * FROM `bbs_zhaolun`  [ RunTime:0.000000s ]
SQL: SELECT * FROM `bbs_liujun`  [ RunTime:0.000000s ]
SQL: SELECT * FROM `bbs_php`  [ RunTime:0.001000s ]
SQL: SELECT * FROM `bbs_mingshi`  [ RunTime:0.001000s ]
SQL: SELECT * FROM `bbs_zhaopin`  [ RunTime:0.001000s ]
SQL: SELECT * FROM `bbs_question` WHERE ( status=0 )  [ RunTime:0.002000s ]
INFO: [ view_parse ] --START--
INFO: [ template_filter ] --START--
INFO: Run Behavior\ContentReplaceBehavior [ RunTime:0.000000s ]
INFO: [ template_filter ] --END-- [ RunTime:0.000000s ]
INFO: Run Behavior\ParseTemplateBehavior [ RunTime:0.171010s ]
INFO: [ view_parse ] --END-- [ RunTime:0.171010s ]
INFO: [ view_filter ] --START--
INFO: Run Behavior\WriteHtmlCacheBehavior [ RunTime:0.008000s ]
INFO: [ view_filter ] --END-- [ RunTime:0.009001s ]
INFO: [ app_end ] --START--
INFO: Run Behavior\ShowPageTraceBehavior [ RunTime:0.170009s ]
INFO: [ app_end ] --END-- [ RunTime:0.170009s ]

[ 2014-12-24T10:10:53+08:00 ] 127.0.0.1 /
INFO: [ app_init ] --START--
INFO: Run Behavior\BuildLiteBehavior [ RunTime:0.000000s ]
INFO: [ app_init ] --END-- [ RunTime:0.000000s ]
INFO: [ app_begin ] --START--
INFO: Run Behavior\ReadHtmlCacheBehavior [ RunTime:0.001000s ]
INFO: [ app_begin ] --END-- [ RunTime:0.001000s ]
NOTIC: [8192] mysql_connect(): The mysql extension is deprecated and will be removed in the future: use mysqli or PDO instead D:\xampp\htdocs\mybbs\ThinkPHP\Library\Think\Db\Driver\Mysql.class.php 第 52 行.
SQL: SHOW COLUMNS FROM `bbs_family` [ RunTime:0.005001s ]
SQL: SHOW COLUMNS FROM `bbs_xueyuan` [ RunTime:0.005000s ]
SQL: SHOW COLUMNS FROM `bbs_banji` [ RunTime:0.006000s ]
SQL: SHOW COLUMNS FROM `bbs_zhaolun` [ RunTime:0.006001s ]
SQL: SHOW COLUMNS FROM `bbs_liujun` [ RunTime:0.005000s ]
SQL: SHOW COLUMNS FROM `bbs_php` [ RunTime:0.006000s ]
SQL: SHOW COLUMNS FROM `bbs_mingshi` [ RunTime:0.005001s ]
SQL: SHOW COLUMNS FROM `bbs_zhaopin` [ RunTime:0.004000s ]
SQL: SHOW COLUMNS FROM `bbs_question` [ RunTime:0.004000s ]
SQL: SELECT * FROM `bbs_family`  [ RunTime:0.001000s ]
SQL: SELECT * FROM `bbs_xueyuan`  [ RunTime:0.001000s ]
SQL: SELECT * FROM `bbs_banji`  [ RunTime:0.001000s ]
SQL: SELECT * FROM `bbs_zhaolun`  [ RunTime:0.001000s ]
SQL: SELECT * FROM `bbs_liujun`  [ RunTime:0.001001s ]
SQL: SELECT * FROM `bbs_php`  [ RunTime:0.001000s ]
SQL: SELECT * FROM `bbs_mingshi`  [ RunTime:0.001000s ]
SQL: SELECT * FROM `bbs_zhaopin`  [ RunTime:0.001000s ]
SQL: SELECT * FROM `bbs_question` WHERE ( status=0 )  [ RunTime:0.002000s ]
INFO: [ view_parse ] --START--
INFO: [ template_filter ] --START--
INFO: Run Behavior\ContentReplaceBehavior [ RunTime:0.000000s ]
INFO: [ template_filter ] --END-- [ RunTime:0.000000s ]
INFO: Run Behavior\ParseTemplateBehavior [ RunTime:0.035002s ]
INFO: [ view_parse ] --END-- [ RunTime:0.035002s ]
INFO: [ view_filter ] --START--
INFO: Run Behavior\WriteHtmlCacheBehavior [ RunTime:0.001000s ]
INFO: [ view_filter ] --END-- [ RunTime:0.001000s ]
INFO: [ app_end ] --START--
INFO: Run Behavior\ShowPageTraceBehavior [ RunTime:0.001000s ]
INFO: [ app_end ] --END-- [ RunTime:0.001000s ]

[ 2014-12-24T10:20:23+08:00 ] 127.0.0.1 /
INFO: [ app_init ] --START--
INFO: Run Behavior\BuildLiteBehavior [ RunTime:0.000000s ]
INFO: [ app_init ] --END-- [ RunTime:0.000000s ]
INFO: [ app_begin ] --START--
INFO: Run Behavior\ReadHtmlCacheBehavior [ RunTime:0.000000s ]
INFO: [ app_begin ] --END-- [ RunTime:0.000000s ]
NOTIC: [8192] mysql_connect(): The mysql extension is deprecated and will be removed in the future: use mysqli or PDO instead D:\xampp\htdocs\mybbs\ThinkPHP\Library\Think\Db\Driver\Mysql.class.php 第 52 行.
SQL: SHOW COLUMNS FROM `bbs_family` [ RunTime:0.018001s ]
SQL: SHOW COLUMNS FROM `bbs_xueyuan` [ RunTime:0.008000s ]
SQL: SHOW COLUMNS FROM `bbs_banji` [ RunTime:0.009001s ]
SQL: SHOW COLUMNS FROM `bbs_zhaolun` [ RunTime:0.004000s ]
SQL: SHOW COLUMNS FROM `bbs_liujun` [ RunTime:0.004000s ]
SQL: SHOW COLUMNS FROM `bbs_php` [ RunTime:0.004001s ]
SQL: SHOW COLUMNS FROM `bbs_mingshi` [ RunTime:0.004000s ]
SQL: SHOW COLUMNS FROM `bbs_zhaopin` [ RunTime:0.004000s ]
SQL: SHOW COLUMNS FROM `bbs_question` [ RunTime:0.004000s ]
SQL: SELECT * FROM `bbs_family`  [ RunTime:0.001000s ]
SQL: SELECT * FROM `bbs_xueyuan`  [ RunTime:0.001000s ]
SQL: SELECT * FROM `bbs_banji`  [ RunTime:0.001001s ]
SQL: SELECT * FROM `bbs_zhaolun`  [ RunTime:0.001000s ]
SQL: SELECT * FROM `bbs_liujun`  [ RunTime:0.001000s ]
SQL: SELECT * FROM `bbs_php`  [ RunTime:0.001000s ]
SQL: SELECT * FROM `bbs_mingshi`  [ RunTime:0.000000s ]
SQL: SELECT * FROM `bbs_zhaopin`  [ RunTime:0.001000s ]
SQL: SELECT * FROM `bbs_question` WHERE ( status=0 )  [ RunTime:0.002000s ]
INFO: [ view_parse ] --START--
INFO: [ template_filter ] --START--
INFO: Run Behavior\ContentReplaceBehavior [ RunTime:0.000000s ]
INFO: [ template_filter ] --END-- [ RunTime:0.000000s ]
INFO: Run Behavior\ParseTemplateBehavior [ RunTime:0.020001s ]
INFO: [ view_parse ] --END-- [ RunTime:0.020001s ]
INFO: [ view_filter ] --START--
INFO: Run Behavior\WriteHtmlCacheBehavior [ RunTime:0.000000s ]
INFO: [ view_filter ] --END-- [ RunTime:0.000000s ]
INFO: [ app_end ] --START--
INFO: Run Behavior\ShowPageTraceBehavior [ RunTime:0.001000s ]
INFO: [ app_end ] --END-- [ RunTime:0.001000s ]

[ 2014-12-24T10:20:47+08:00 ] 127.0.0.1 /
INFO: [ app_init ] --START--
INFO: Run Behavior\BuildLiteBehavior [ RunTime:0.000000s ]
INFO: [ app_init ] --END-- [ RunTime:0.000000s ]
INFO: [ app_begin ] --START--
INFO: Run Behavior\ReadHtmlCacheBehavior [ RunTime:0.001000s ]
INFO: [ app_begin ] --END-- [ RunTime:0.001000s ]
NOTIC: [8192] mysql_connect(): The mysql extension is deprecated and will be removed in the future: use mysqli or PDO instead D:\xampp\htdocs\mybbs\ThinkPHP\Library\Think\Db\Driver\Mysql.class.php 第 52 行.
SQL: SHOW COLUMNS FROM `bbs_family` [ RunTime:0.006000s ]
SQL: SHOW COLUMNS FROM `bbs_xueyuan` [ RunTime:0.005000s ]
SQL: SHOW COLUMNS FROM `bbs_banji` [ RunTime:0.004001s ]
SQL: SHOW COLUMNS FROM `bbs_zhaolun` [ RunTime:0.004000s ]
SQL: SHOW COLUMNS FROM `bbs_liujun` [ RunTime:0.004000s ]
SQL: SHOW COLUMNS FROM `bbs_php` [ RunTime:0.005000s ]
SQL: SHOW COLUMNS FROM `bbs_mingshi` [ RunTime:0.003000s ]
SQL: SHOW COLUMNS FROM `bbs_zhaopin` [ RunTime:0.004001s ]
SQL: SHOW COLUMNS FROM `bbs_question` [ RunTime:0.003000s ]
SQL: SELECT * FROM `bbs_family`  [ RunTime:0.001000s ]
SQL: SELECT * FROM `bbs_xueyuan`  [ RunTime:0.001000s ]
SQL: SELECT * FROM `bbs_banji`  [ RunTime:0.001000s ]
SQL: SELECT * FROM `bbs_zhaolun`  [ RunTime:0.001000s ]
SQL: SELECT * FROM `bbs_liujun`  [ RunTime:0.002000s ]
SQL: SELECT * FROM `bbs_php`  [ RunTime:0.000000s ]
SQL: SELECT * FROM `bbs_mingshi`  [ RunTime:0.000000s ]
SQL: SELECT * FROM `bbs_zhaopin`  [ RunTime:0.001000s ]
SQL: SELECT * FROM `bbs_question` WHERE ( status=0 )  [ RunTime:0.002001s ]
INFO: [ view_parse ] --START--
INFO: [ template_filter ] --START--
INFO: Run Behavior\ContentReplaceBehavior [ RunTime:0.000000s ]
INFO: [ template_filter ] --END-- [ RunTime:0.000000s ]
INFO: Run Behavior\ParseTemplateBehavior [ RunTime:0.020001s ]
INFO: [ view_parse ] --END-- [ RunTime:0.020001s ]
INFO: [ view_filter ] --START--
INFO: Run Behavior\WriteHtmlCacheBehavior [ RunTime:0.000000s ]
INFO: [ view_filter ] --END-- [ RunTime:0.000000s ]
INFO: [ app_end ] --START--
INFO: Run Behavior\ShowPageTraceBehavior [ RunTime:0.001000s ]
INFO: [ app_end ] --END-- [ RunTime:0.001000s ]

[ 2014-12-24T10:30:38+08:00 ] 127.0.0.1 /
INFO: [ app_init ] --START--
INFO: Run Behavior\BuildLiteBehavior [ RunTime:0.000000s ]
INFO: [ app_init ] --END-- [ RunTime:0.000000s ]
INFO: [ app_begin ] --START--
INFO: Run Behavior\ReadHtmlCacheBehavior [ RunTime:0.001000s ]
INFO: [ app_begin ] --END-- [ RunTime:0.001000s ]
NOTIC: [8192] mysql_connect(): The mysql extension is deprecated and will be removed in the future: use mysqli or PDO instead D:\xampp\htdocs\mybbs\ThinkPHP\Library\Think\Db\Driver\Mysql.class.php 第 52 行.
SQL: SHOW COLUMNS FROM `bbs_family` [ RunTime:0.005000s ]
SQL: SHOW COLUMNS FROM `bbs_xueyuan` [ RunTime:0.004000s ]
SQL: SHOW COLUMNS FROM `bbs_banji` [ RunTime:0.004000s ]
SQL: SHOW COLUMNS FROM `bbs_zhaolun` [ RunTime:0.003001s ]
SQL: SHOW COLUMNS FROM `bbs_liujun` [ RunTime:0.003000s ]
SQL: SHOW COLUMNS FROM `bbs_php` [ RunTime:0.003000s ]
SQL: SHOW COLUMNS FROM `bbs_mingshi` [ RunTime:0.003000s ]
SQL: SHOW COLUMNS FROM `bbs_zhaopin` [ RunTime:0.003000s ]
SQL: SHOW COLUMNS FROM `bbs_question` [ RunTime:0.004001s ]
SQL: SELECT * FROM `bbs_family`  [ RunTime:0.001000s ]
SQL: SELECT * FROM `bbs_xueyuan`  [ RunTime:0.001000s ]
SQL: SELECT * FROM `bbs_banji`  [ RunTime:0.000000s ]
SQL: SELECT * FROM `bbs_zhaolun`  [ RunTime:0.001000s ]
SQL: SELECT * FROM `bbs_liujun`  [ RunTime:0.001000s ]
SQL: SELECT * FROM `bbs_php`  [ RunTime:0.001000s ]
SQL: SELECT * FROM `bbs_mingshi`  [ RunTime:0.000000s ]
SQL: SELECT * FROM `bbs_zhaopin`  [ RunTime:0.000000s ]
SQL: SELECT * FROM `bbs_question` WHERE ( status=0 )  [ RunTime:0.002000s ]
INFO: [ view_parse ] --START--
INFO: [ template_filter ] --START--
INFO: Run Behavior\ContentReplaceBehavior [ RunTime:0.000000s ]
INFO: [ template_filter ] --END-- [ RunTime:0.000000s ]
INFO: Run Behavior\ParseTemplateBehavior [ RunTime:0.024002s ]
INFO: [ view_parse ] --END-- [ RunTime:0.025002s ]
INFO: [ view_filter ] --START--
INFO: Run Behavior\WriteHtmlCacheBehavior [ RunTime:0.000000s ]
INFO: [ view_filter ] --END-- [ RunTime:0.000000s ]
INFO: [ app_end ] --START--
INFO: Run Behavior\ShowPageTraceBehavior [ RunTime:0.000000s ]
INFO: [ app_end ] --END-- [ RunTime:0.000000s ]

