[ 2014-12-25T08:23:53+08:00 ] 127.0.0.1 /
INFO: [ app_init ] --START--
INFO: Run Behavior\BuildLiteBehavior [ RunTime:0.000000s ]
INFO: [ app_init ] --END-- [ RunTime:0.001000s ]
INFO: [ app_begin ] --START--
INFO: Run Behavior\ReadHtmlCacheBehavior [ RunTime:0.080005s ]
INFO: [ app_begin ] --END-- [ RunTime:0.081005s ]
NOTIC: [8192] mysql_connect(): The mysql extension is deprecated and will be removed in the future: use mysqli or PDO instead E:\bbsgit\ThinkPHP\Library\Think\Db\Driver\Mysql.class.php 第 52 行.
SQL: SHOW COLUMNS FROM `bbs_family` [ RunTime:0.004000s ]
SQL: SHOW COLUMNS FROM `bbs_xueyuan` [ RunTime:0.003000s ]
SQL: SHOW COLUMNS FROM `bbs_banji` [ RunTime:0.003000s ]
SQL: SHOW COLUMNS FROM `bbs_zhaolun` [ RunTime:0.004000s ]
SQL: SHOW COLUMNS FROM `bbs_liujun` [ RunTime:0.004001s ]
SQL: SHOW COLUMNS FROM `bbs_php` [ RunTime:0.004000s ]
SQL: SHOW COLUMNS FROM `bbs_mingshi` [ RunTime:0.004000s ]
SQL: SHOW COLUMNS FROM `bbs_zhaopin` [ RunTime:0.003000s ]
SQL: SHOW COLUMNS FROM `bbs_question` [ RunTime:0.003001s ]
SQL: SELECT * FROM `bbs_family`  [ RunTime:0.001000s ]
SQL: SELECT * FROM `bbs_xueyuan`  [ RunTime:0.001000s ]
SQL: SELECT * FROM `bbs_banji`  [ RunTime:0.001000s ]
SQL: SELECT * FROM `bbs_zhaolun`  [ RunTime:0.000000s ]
SQL: SELECT * FROM `bbs_liujun`  [ RunTime:0.001000s ]
SQL: SELECT * FROM `bbs_php`  [ RunTime:0.002000s ]
SQL: SELECT * FROM `bbs_mingshi`  [ RunTime:0.001000s ]
SQL: SELECT * FROM `bbs_zhaopin`  [ RunTime:0.002000s ]
SQL: SELECT * FROM `bbs_question` WHERE ( status=0 )  [ RunTime:0.002000s ]
INFO: [ view_parse ] --START--
INFO: [ template_filter ] --START--
INFO: Run Behavior\ContentReplaceBehavior [ RunTime:0.000000s ]
INFO: [ template_filter ] --END-- [ RunTime:0.000000s ]
INFO: Run Behavior\ParseTemplateBehavior [ RunTime:0.123007s ]
INFO: [ view_parse ] --END-- [ RunTime:0.123007s ]
INFO: [ view_filter ] --START--
INFO: Run Behavior\WriteHtmlCacheBehavior [ RunTime:0.016001s ]
INFO: [ view_filter ] --END-- [ RunTime:0.016001s ]
INFO: [ app_end ] --START--
INFO: Run Behavior\ShowPageTraceBehavior [ RunTime:0.016001s ]
INFO: [ app_end ] --END-- [ RunTime:0.017001s ]

[ 2014-12-25T08:23:55+08:00 ] 127.0.0.1 /
INFO: [ app_init ] --START--
INFO: Run Behavior\BuildLiteBehavior [ RunTime:0.000000s ]
INFO: [ app_init ] --END-- [ RunTime:0.000000s ]
INFO: [ app_begin ] --START--
INFO: Run Behavior\ReadHtmlCacheBehavior [ RunTime:0.001000s ]
INFO: [ app_begin ] --END-- [ RunTime:0.001000s ]
NOTIC: [8192] mysql_connect(): The mysql extension is deprecated and will be removed in the future: use mysqli or PDO instead E:\bbsgit\ThinkPHP\Library\Think\Db\Driver\Mysql.class.php 第 52 行.
SQL: SHOW COLUMNS FROM `bbs_family` [ RunTime:0.004000s ]
SQL: SHOW COLUMNS FROM `bbs_xueyuan` [ RunTime:0.004000s ]
SQL: SHOW COLUMNS FROM `bbs_banji` [ RunTime:0.004001s ]
SQL: SHOW COLUMNS FROM `bbs_zhaolun` [ RunTime:0.005000s ]
SQL: SHOW COLUMNS FROM `bbs_liujun` [ RunTime:0.005000s ]
SQL: SHOW COLUMNS FROM `bbs_php` [ RunTime:0.004000s ]
SQL: SHOW COLUMNS FROM `bbs_mingshi` [ RunTime:0.004001s ]
SQL: SHOW COLUMNS FROM `bbs_zhaopin` [ RunTime:0.003000s ]
SQL: SHOW COLUMNS FROM `bbs_question` [ RunTime:0.004000s ]
SQL: SELECT * FROM `bbs_family`  [ RunTime:0.001000s ]
SQL: SELECT * FROM `bbs_xueyuan`  [ RunTime:0.002000s ]
SQL: SELECT * FROM `bbs_banji`  [ RunTime:0.001000s ]
SQL: SELECT * FROM `bbs_zhaolun`  [ RunTime:0.001000s ]
SQL: SELECT * FROM `bbs_liujun`  [ RunTime:0.001001s ]
SQL: SELECT * FROM `bbs_php`  [ RunTime:0.001000s ]
SQL: SELECT * FROM `bbs_mingshi`  [ RunTime:0.002000s ]
SQL: SELECT * FROM `bbs_zhaopin`  [ RunTime:0.001000s ]
SQL: SELECT * FROM `bbs_question` WHERE ( status=0 )  [ RunTime:0.002000s ]
INFO: [ view_parse ] --START--
INFO: [ template_filter ] --START--
INFO: Run Behavior\ContentReplaceBehavior [ RunTime:0.000000s ]
INFO: [ template_filter ] --END-- [ RunTime:0.001000s ]
INFO: Run Behavior\ParseTemplateBehavior [ RunTime:0.045003s ]
INFO: [ view_parse ] --END-- [ RunTime:0.045003s ]
INFO: [ view_filter ] --START--
INFO: Run Behavior\WriteHtmlCacheBehavior [ RunTime:0.000000s ]
INFO: [ view_filter ] --END-- [ RunTime:0.000000s ]
INFO: [ app_end ] --START--
INFO: Run Behavior\ShowPageTraceBehavior [ RunTime:0.001000s ]
INFO: [ app_end ] --END-- [ RunTime:0.001000s ]

