[ 2014-12-27T07:53:12+08:00 ] 127.0.0.1 /
INFO: [ app_init ] --START--
INFO: Run Behavior\BuildLiteBehavior [ RunTime:0.000000s ]
INFO: [ app_init ] --END-- [ RunTime:0.043003s ]
INFO: [ app_begin ] --START--
INFO: Run Behavior\ReadHtmlCacheBehavior [ RunTime:0.017001s ]
INFO: [ app_begin ] --END-- [ RunTime:0.017001s ]
NOTIC: [8192] mysql_connect(): The mysql extension is deprecated and will be removed in the future: use mysqli or PDO instead D:\mybbs\ThinkPHP\Library\Think\Db\Driver\Mysql.class.php 第 52 行.
SQL: SHOW COLUMNS FROM `bbs_family` [ RunTime:0.311018s ]
SQL: SHOW COLUMNS FROM `bbs_xueyuan` [ RunTime:0.044003s ]
SQL: SHOW COLUMNS FROM `bbs_banji` [ RunTime:0.064003s ]
SQL: SHOW COLUMNS FROM `bbs_zhaolun` [ RunTime:0.036002s ]
SQL: SHOW COLUMNS FROM `bbs_liujun` [ RunTime:0.015001s ]
SQL: SHOW COLUMNS FROM `bbs_php` [ RunTime:0.052003s ]
SQL: SHOW COLUMNS FROM `bbs_mingshi` [ RunTime:0.037002s ]
SQL: SHOW COLUMNS FROM `bbs_zhaopin` [ RunTime:0.028002s ]
SQL: SHOW COLUMNS FROM `bbs_question` [ RunTime:0.044003s ]
SQL: SELECT * FROM `bbs_family`  [ RunTime:0.040002s ]
SQL: SELECT * FROM `bbs_xueyuan`  [ RunTime:0.001000s ]
SQL: SELECT * FROM `bbs_banji`  [ RunTime:0.001000s ]
SQL: SELECT * FROM `bbs_zhaolun`  [ RunTime:0.002000s ]
SQL: SELECT * FROM `bbs_liujun`  [ RunTime:0.001000s ]
SQL: SELECT * FROM `bbs_php`  [ RunTime:0.002000s ]
SQL: SELECT * FROM `bbs_mingshi`  [ RunTime:0.001000s ]
SQL: SELECT * FROM `bbs_zhaopin`  [ RunTime:0.001000s ]
SQL: SELECT * FROM `bbs_question` WHERE ( status=0 )  [ RunTime:0.059003s ]
INFO: [ view_parse ] --START--
INFO: [ template_filter ] --START--
INFO: Run Behavior\ContentReplaceBehavior [ RunTime:0.000000s ]
INFO: [ template_filter ] --END-- [ RunTime:0.000000s ]
NOTIC: [8] Undefined variable: pic D:\mybbs\Application\Runtime\Cache\Home\2a94b8bda04ff446dcedd42276fc99ee.php 第 93 行.
INFO: Run Behavior\ParseTemplateBehavior [ RunTime:0.148009s ]
INFO: [ view_parse ] --END-- [ RunTime:0.148009s ]
INFO: [ view_filter ] --START--
INFO: Run Behavior\WriteHtmlCacheBehavior [ RunTime:0.002000s ]
INFO: [ view_filter ] --END-- [ RunTime:0.002000s ]
INFO: [ app_end ] --START--
INFO: Run Behavior\ShowPageTraceBehavior [ RunTime:0.002000s ]
INFO: [ app_end ] --END-- [ RunTime:0.002000s ]

