[ 2014-12-26T08:11:36+08:00 ] 127.0.0.1 /
INFO: [ app_init ] --START--
INFO: Run Behavior\BuildLiteBehavior [ RunTime:0.000000s ]
INFO: [ app_init ] --END-- [ RunTime:0.000000s ]
INFO: [ app_begin ] --START--
INFO: Run Behavior\ReadHtmlCacheBehavior [ RunTime:0.021001s ]
INFO: [ app_begin ] --END-- [ RunTime:0.021001s ]
NOTIC: [8192] mysql_connect(): The mysql extension is deprecated and will be removed in the future: use mysqli or PDO instead D:\mybbs\ThinkPHP\Library\Think\Db\Driver\Mysql.class.php 第 52 行.
SQL: SHOW COLUMNS FROM `bbs_family` [ RunTime:0.005000s ]
SQL: SHOW COLUMNS FROM `bbs_xueyuan` [ RunTime:0.006000s ]
SQL: SHOW COLUMNS FROM `bbs_banji` [ RunTime:0.007000s ]
SQL: SHOW COLUMNS FROM `bbs_zhaolun` [ RunTime:0.007001s ]
SQL: SHOW COLUMNS FROM `bbs_liujun` [ RunTime:0.007000s ]
SQL: SHOW COLUMNS FROM `bbs_php` [ RunTime:0.006000s ]
SQL: SHOW COLUMNS FROM `bbs_mingshi` [ RunTime:0.003001s ]
SQL: SHOW COLUMNS FROM `bbs_zhaopin` [ RunTime:0.003000s ]
SQL: SHOW COLUMNS FROM `bbs_question` [ RunTime:0.003000s ]
SQL: SELECT * FROM `bbs_family`  [ RunTime:0.001000s ]
SQL: SELECT * FROM `bbs_xueyuan`  [ RunTime:0.002000s ]
SQL: SELECT * FROM `bbs_banji`  [ RunTime:0.001000s ]
SQL: SELECT * FROM `bbs_zhaolun`  [ RunTime:0.001000s ]
SQL: SELECT * FROM `bbs_liujun`  [ RunTime:0.001000s ]
SQL: SELECT * FROM `bbs_php`  [ RunTime:0.001001s ]
SQL: SELECT * FROM `bbs_mingshi`  [ RunTime:0.002000s ]
SQL: SELECT * FROM `bbs_zhaopin`  [ RunTime:0.004000s ]
SQL: SELECT * FROM `bbs_question` WHERE ( status=0 )  [ RunTime:0.003000s ]
INFO: [ view_parse ] --START--
INFO: [ template_filter ] --START--
INFO: Run Behavior\ContentReplaceBehavior [ RunTime:0.000000s ]
INFO: [ template_filter ] --END-- [ RunTime:0.000000s ]
NOTIC: [8] Undefined variable: pic D:\mybbs\Application\Runtime\Cache\Home\2a94b8bda04ff446dcedd42276fc99ee.php 第 97 行.
INFO: Run Behavior\ParseTemplateBehavior [ RunTime:0.047003s ]
INFO: [ view_parse ] --END-- [ RunTime:0.047003s ]
INFO: [ view_filter ] --START--
INFO: Run Behavior\WriteHtmlCacheBehavior [ RunTime:0.001000s ]
INFO: [ view_filter ] --END-- [ RunTime:0.001000s ]
INFO: [ app_end ] --START--
INFO: Run Behavior\ShowPageTraceBehavior [ RunTime:0.002000s ]
INFO: [ app_end ] --END-- [ RunTime:0.002000s ]

[ 2014-12-26T09:09:18+08:00 ] 127.0.0.1 /
INFO: [ app_init ] --START--
INFO: Run Behavior\BuildLiteBehavior [ RunTime:0.001000s ]
INFO: [ app_init ] --END-- [ RunTime:0.002000s ]
INFO: [ app_begin ] --START--
INFO: Run Behavior\ReadHtmlCacheBehavior [ RunTime:0.001000s ]
INFO: [ app_begin ] --END-- [ RunTime:0.001000s ]
NOTIC: [8192] mysql_connect(): The mysql extension is deprecated and will be removed in the future: use mysqli or PDO instead D:\mybbs\ThinkPHP\Library\Think\Db\Driver\Mysql.class.php 第 52 行.
SQL: SHOW COLUMNS FROM `bbs_family` [ RunTime:0.005001s ]
SQL: SHOW COLUMNS FROM `bbs_xueyuan` [ RunTime:0.005000s ]
SQL: SHOW COLUMNS FROM `bbs_banji` [ RunTime:0.007000s ]
SQL: SHOW COLUMNS FROM `bbs_zhaolun` [ RunTime:0.006001s ]
SQL: SHOW COLUMNS FROM `bbs_liujun` [ RunTime:0.005000s ]
SQL: SHOW COLUMNS FROM `bbs_php` [ RunTime:0.006000s ]
SQL: SHOW COLUMNS FROM `bbs_mingshi` [ RunTime:0.004001s ]
SQL: SHOW COLUMNS FROM `bbs_zhaopin` [ RunTime:0.003000s ]
SQL: SHOW COLUMNS FROM `bbs_question` [ RunTime:0.002000s ]
SQL: SELECT * FROM `bbs_family`  [ RunTime:0.001000s ]
SQL: SELECT * FROM `bbs_xueyuan`  [ RunTime:0.002000s ]
SQL: SELECT * FROM `bbs_banji`  [ RunTime:0.001000s ]
SQL: SELECT * FROM `bbs_zhaolun`  [ RunTime:0.002000s ]
SQL: SELECT * FROM `bbs_liujun`  [ RunTime:0.001001s ]
SQL: SELECT * FROM `bbs_php`  [ RunTime:0.001000s ]
SQL: SELECT * FROM `bbs_mingshi`  [ RunTime:0.002000s ]
SQL: SELECT * FROM `bbs_zhaopin`  [ RunTime:0.002000s ]
SQL: SELECT * FROM `bbs_question` WHERE ( status=0 )  [ RunTime:0.002000s ]
INFO: [ view_parse ] --START--
INFO: [ template_filter ] --START--
INFO: Run Behavior\ContentReplaceBehavior [ RunTime:0.000000s ]
INFO: [ template_filter ] --END-- [ RunTime:0.001000s ]
NOTIC: [8] Undefined variable: pic D:\mybbs\Application\Runtime\Cache\Home\2a94b8bda04ff446dcedd42276fc99ee.php 第 93 行.
INFO: Run Behavior\ParseTemplateBehavior [ RunTime:0.030002s ]
INFO: [ view_parse ] --END-- [ RunTime:0.030002s ]
INFO: [ view_filter ] --START--
INFO: Run Behavior\WriteHtmlCacheBehavior [ RunTime:0.000000s ]
INFO: [ view_filter ] --END-- [ RunTime:0.000000s ]
INFO: [ app_end ] --START--
INFO: Run Behavior\ShowPageTraceBehavior [ RunTime:0.002000s ]
INFO: [ app_end ] --END-- [ RunTime:0.002000s ]

[ 2014-12-26T15:25:12+08:00 ] 127.0.0.1 /
INFO: [ app_init ] --START--
INFO: Run Behavior\BuildLiteBehavior [ RunTime:0.000000s ]
INFO: [ app_init ] --END-- [ RunTime:0.000000s ]
INFO: [ app_begin ] --START--
INFO: Run Behavior\ReadHtmlCacheBehavior [ RunTime:0.001000s ]
INFO: [ app_begin ] --END-- [ RunTime:0.001000s ]
NOTIC: [8192] mysql_connect(): The mysql extension is deprecated and will be removed in the future: use mysqli or PDO instead D:\mybbs\ThinkPHP\Library\Think\Db\Driver\Mysql.class.php 第 52 行.
SQL: SHOW COLUMNS FROM `bbs_family` [ RunTime:0.004000s ]
SQL: SHOW COLUMNS FROM `bbs_xueyuan` [ RunTime:0.006001s ]
SQL: SHOW COLUMNS FROM `bbs_banji` [ RunTime:0.005000s ]
SQL: SHOW COLUMNS FROM `bbs_zhaolun` [ RunTime:0.004000s ]
SQL: SHOW COLUMNS FROM `bbs_liujun` [ RunTime:0.004000s ]
SQL: SHOW COLUMNS FROM `bbs_php` [ RunTime:0.004001s ]
SQL: SHOW COLUMNS FROM `bbs_mingshi` [ RunTime:0.003000s ]
SQL: SHOW COLUMNS FROM `bbs_zhaopin` [ RunTime:0.002000s ]
SQL: SHOW COLUMNS FROM `bbs_question` [ RunTime:0.004000s ]
SQL: SELECT * FROM `bbs_family`  [ RunTime:0.003000s ]
SQL: SELECT * FROM `bbs_xueyuan`  [ RunTime:0.001001s ]
SQL: SELECT * FROM `bbs_banji`  [ RunTime:0.002000s ]
SQL: SELECT * FROM `bbs_zhaolun`  [ RunTime:0.002000s ]
SQL: SELECT * FROM `bbs_liujun`  [ RunTime:0.018001s ]
SQL: SELECT * FROM `bbs_php`  [ RunTime:0.002000s ]
SQL: SELECT * FROM `bbs_mingshi`  [ RunTime:0.002000s ]
SQL: SELECT * FROM `bbs_zhaopin`  [ RunTime:0.002000s ]
SQL: SELECT * FROM `bbs_question` WHERE ( status=0 )  [ RunTime:0.003000s ]
INFO: [ view_parse ] --START--
INFO: [ template_filter ] --START--
INFO: Run Behavior\ContentReplaceBehavior [ RunTime:0.000000s ]
INFO: [ template_filter ] --END-- [ RunTime:0.000000s ]
NOTIC: [8] Undefined variable: pic D:\mybbs\Application\Runtime\Cache\Home\2a94b8bda04ff446dcedd42276fc99ee.php 第 93 行.
INFO: Run Behavior\ParseTemplateBehavior [ RunTime:0.075005s ]
INFO: [ view_parse ] --END-- [ RunTime:0.075005s ]
INFO: [ view_filter ] --START--
INFO: Run Behavior\WriteHtmlCacheBehavior [ RunTime:0.001000s ]
INFO: [ view_filter ] --END-- [ RunTime:0.001000s ]
INFO: [ app_end ] --START--
INFO: Run Behavior\ShowPageTraceBehavior [ RunTime:0.001000s ]
INFO: [ app_end ] --END-- [ RunTime:0.001000s ]

[ 2014-12-26T15:25:13+08:00 ] 127.0.0.1 /
INFO: [ app_init ] --START--
INFO: Run Behavior\BuildLiteBehavior [ RunTime:0.000000s ]
INFO: [ app_init ] --END-- [ RunTime:0.001000s ]
INFO: [ app_begin ] --START--
INFO: Run Behavior\ReadHtmlCacheBehavior [ RunTime:0.001000s ]
INFO: [ app_begin ] --END-- [ RunTime:0.001000s ]
NOTIC: [8192] mysql_connect(): The mysql extension is deprecated and will be removed in the future: use mysqli or PDO instead D:\mybbs\ThinkPHP\Library\Think\Db\Driver\Mysql.class.php 第 52 行.
SQL: SHOW COLUMNS FROM `bbs_family` [ RunTime:0.004000s ]
SQL: SHOW COLUMNS FROM `bbs_xueyuan` [ RunTime:0.006000s ]
SQL: SHOW COLUMNS FROM `bbs_banji` [ RunTime:0.005000s ]
SQL: SHOW COLUMNS FROM `bbs_zhaolun` [ RunTime:0.004001s ]
SQL: SHOW COLUMNS FROM `bbs_liujun` [ RunTime:0.005000s ]
SQL: SHOW COLUMNS FROM `bbs_php` [ RunTime:0.003000s ]
SQL: SHOW COLUMNS FROM `bbs_mingshi` [ RunTime:0.003000s ]
SQL: SHOW COLUMNS FROM `bbs_zhaopin` [ RunTime:0.003000s ]
SQL: SHOW COLUMNS FROM `bbs_question` [ RunTime:0.004001s ]
SQL: SELECT * FROM `bbs_family`  [ RunTime:0.002000s ]
SQL: SELECT * FROM `bbs_xueyuan`  [ RunTime:0.002000s ]
SQL: SELECT * FROM `bbs_banji`  [ RunTime:0.023001s ]
SQL: SELECT * FROM `bbs_zhaolun`  [ RunTime:0.002001s ]
SQL: SELECT * FROM `bbs_liujun`  [ RunTime:0.004000s ]
SQL: SELECT * FROM `bbs_php`  [ RunTime:0.005000s ]
SQL: SELECT * FROM `bbs_mingshi`  [ RunTime:0.003000s ]
SQL: SELECT * FROM `bbs_zhaopin`  [ RunTime:0.002000s ]
SQL: SELECT * FROM `bbs_question` WHERE ( status=0 )  [ RunTime:0.003001s ]
INFO: [ view_parse ] --START--
INFO: [ template_filter ] --START--
INFO: Run Behavior\ContentReplaceBehavior [ RunTime:0.000000s ]
INFO: [ template_filter ] --END-- [ RunTime:0.000000s ]
NOTIC: [8] Undefined variable: pic D:\mybbs\Application\Runtime\Cache\Home\2a94b8bda04ff446dcedd42276fc99ee.php 第 93 行.
INFO: Run Behavior\ParseTemplateBehavior [ RunTime:0.044002s ]
INFO: [ view_parse ] --END-- [ RunTime:0.044002s ]
INFO: [ view_filter ] --START--
INFO: Run Behavior\WriteHtmlCacheBehavior [ RunTime:0.000000s ]
INFO: [ view_filter ] --END-- [ RunTime:0.000000s ]
INFO: [ app_end ] --START--
INFO: Run Behavior\ShowPageTraceBehavior [ RunTime:0.001000s ]
INFO: [ app_end ] --END-- [ RunTime:0.001000s ]

[ 2014-12-26T15:25:15+08:00 ] 127.0.0.1 /
INFO: [ app_init ] --START--
INFO: Run Behavior\BuildLiteBehavior [ RunTime:0.000000s ]
INFO: [ app_init ] --END-- [ RunTime:0.001000s ]
INFO: [ app_begin ] --START--
INFO: Run Behavior\ReadHtmlCacheBehavior [ RunTime:0.001000s ]
INFO: [ app_begin ] --END-- [ RunTime:0.001000s ]
NOTIC: [8192] mysql_connect(): The mysql extension is deprecated and will be removed in the future: use mysqli or PDO instead D:\mybbs\ThinkPHP\Library\Think\Db\Driver\Mysql.class.php 第 52 行.
SQL: SHOW COLUMNS FROM `bbs_family` [ RunTime:0.008000s ]
SQL: SHOW COLUMNS FROM `bbs_xueyuan` [ RunTime:0.010001s ]
SQL: SHOW COLUMNS FROM `bbs_banji` [ RunTime:0.008000s ]
SQL: SHOW COLUMNS FROM `bbs_zhaolun` [ RunTime:0.007001s ]
SQL: SHOW COLUMNS FROM `bbs_liujun` [ RunTime:0.009000s ]
SQL: SHOW COLUMNS FROM `bbs_php` [ RunTime:0.004000s ]
SQL: SHOW COLUMNS FROM `bbs_mingshi` [ RunTime:0.006001s ]
SQL: SHOW COLUMNS FROM `bbs_zhaopin` [ RunTime:0.008000s ]
SQL: SHOW COLUMNS FROM `bbs_question` [ RunTime:0.005000s ]
SQL: SELECT * FROM `bbs_family`  [ RunTime:0.003001s ]
SQL: SELECT * FROM `bbs_xueyuan`  [ RunTime:0.002000s ]
SQL: SELECT * FROM `bbs_banji`  [ RunTime:0.002000s ]
SQL: SELECT * FROM `bbs_zhaolun`  [ RunTime:0.001000s ]
SQL: SELECT * FROM `bbs_liujun`  [ RunTime:0.001000s ]
SQL: SELECT * FROM `bbs_php`  [ RunTime:0.001000s ]
SQL: SELECT * FROM `bbs_mingshi`  [ RunTime:0.001000s ]
SQL: SELECT * FROM `bbs_zhaopin`  [ RunTime:0.000000s ]
SQL: SELECT * FROM `bbs_question` WHERE ( status=0 )  [ RunTime:0.002000s ]
INFO: [ view_parse ] --START--
INFO: [ template_filter ] --START--
INFO: Run Behavior\ContentReplaceBehavior [ RunTime:0.000000s ]
INFO: [ template_filter ] --END-- [ RunTime:0.000000s ]
NOTIC: [8] Undefined variable: pic D:\mybbs\Application\Runtime\Cache\Home\2a94b8bda04ff446dcedd42276fc99ee.php 第 93 行.
INFO: Run Behavior\ParseTemplateBehavior [ RunTime:0.028002s ]
INFO: [ view_parse ] --END-- [ RunTime:0.028002s ]
INFO: [ view_filter ] --START--
INFO: Run Behavior\WriteHtmlCacheBehavior [ RunTime:0.000000s ]
INFO: [ view_filter ] --END-- [ RunTime:0.000000s ]
INFO: [ app_end ] --START--
INFO: Run Behavior\ShowPageTraceBehavior [ RunTime:0.001000s ]
INFO: [ app_end ] --END-- [ RunTime:0.001000s ]

